{"_raw":"08/20/2018 03:16:37 AM\nLogName=Security\nSourceName=Microsoft Windows security auditing.\nEventCode=4624\nEventType=0\nType=Information\nComputerName=BSTOLL-L.froth.ly\nTaskCategory=Logon\nOpCode=Info\nRecordNumber=989781\nKeywords=Audit Success\nMessage=An account was successfully logged on.\n\nSubject:\n\tSecurity ID:\t\tNT AUTHORITY\\SYSTEM\n\tAccount Name:\t\tBSTOLL-L$\n\tAccount Domain:\t\tWORKGROUP\n\tLogon ID:\t\t0x3E7\n\nLogon Information:\n\tLogon Type:\t\t5\n\tRestricted Admin Mode:\t-\n\tVirtual Account:\t\tNo\n\tElevated Token:\t\tYes\n\nImpersonation Level:\t\tImpersonation\n\nNew Logon:\n\tSecurity ID:\t\tNT AUTHORITY\\SYSTEM\n\tAccount Name:\t\tSYSTEM\n\tAccount Domain:\t\tNT AUTHORITY\n\tLogon ID:\t\t0x3E7\n\tLinked Logon ID:\t\t0x0\n\tNetwork Account Name:\t-\n\tNetwork Account Domain:\t-\n\tLogon GUID:\t\t{00000000-0000-0000-0000-000000000000}\n\nProcess Information:\n\tProcess ID:\t\t0x270\n\tProcess Name:\t\tC:\\Windows\\System32\\services.exe\n\nNetwork Information:\n\tWorkstation Name:\t-\n\tSource Network Address:\t-\n\tSource Port:\t\t-\n\nDetailed Authentication Information:\n\tLogon Process:\t\tAdvapi  \n\tAuthentication Package:\tNegotiate\n\tTransited Services:\t-\n\tPackage Name (NTLM only):\t-\n\tKey Length:\t\t0\n\nThis event is generated when a logon session is created. It is generated on the computer that was accessed.\n\nThe subject fields indicate the account on the local system which requested the logon. This is most commonly a service such as the Server service, or a local process such as Winlogon.exe or Services.exe.\n\nThe logon type field indicates the kind of logon that occurred. The most common types are 2 (interactive) and 3 (network).\n\nThe New Logon fields indicate the account for whom the new logon was created, i.e. the account that was logged on.\n\nThe network fields indicate where a remote logon request originated. Workstation name is not always available and may be left blank in some cases.\n\nThe impersonation level field indicates the extent to which a process in the logon session can impersonate.\n\nThe authentication information fields provide detailed information about this specific logon request.\n\t- Logon GUID is a unique identifier that can be used to correlate this event with a KDC event.\n\t- Transited services indicate which intermediate services have participated in this logon request.\n\t- Package name indicates which sub-protocol was used among the NTLM protocols.\n\t- Key length indicates the length of the generated session key. This will be 0 if no session key was requested.","_sourcetype":"WinEventLog:Security","_host":"BSTOLL-L","_source":"WinEventLog:Security"}
{"_raw":"08/20/2018 03:16:37 AM\nLogName=Security\nSourceName=Microsoft Windows security auditing.\nEventCode=4624\nEventType=0\nType=Information\nComputerName=BSTOLL-L.froth.ly\nTaskCategory=Logon\nOpCode=Info\nRecordNumber=989774\nKeywords=Audit Success\nMessage=An account was successfully logged on.\n\nSubject:\n\tSecurity ID:\t\tNT AUTHORITY\\SYSTEM\n\tAccount Name:\t\tBSTOLL-L$\n\tAccount Domain:\t\tWORKGROUP\n\tLogon ID:\t\t0x3E7\n\nLogon Information:\n\tLogon Type:\t\t5\n\tRestricted Admin Mode:\t-\n\tVirtual Account:\t\tNo\n\tElevated Token:\t\tYes\n\nImpersonation Level:\t\tImpersonation\n\nNew Logon:\n\tSecurity ID:\t\tNT AUTHORITY\\SYSTEM\n\tAccount Name:\t\tSYSTEM\n\tAccount Domain:\t\tNT AUTHORITY\n\tLogon ID:\t\t0x3E7\n\tLinked Logon ID:\t\t0x0\n\tNetwork Account Name:\t-\n\tNetwork Account Domain:\t-\n\tLogon GUID:\t\t{00000000-0000-0000-0000-000000000000}\n\nProcess Information:\n\tProcess ID:\t\t0x270\n\tProcess Name:\t\tC:\\Windows\\System32\\services.exe\n\nNetwork Information:\n\tWorkstation Name:\t-\n\tSource Network Address:\t-\n\tSource Port:\t\t-\n\nDetailed Authentication Information:\n\tLogon Process:\t\tAdvapi  \n\tAuthentication Package:\tNegotiate\n\tTransited Services:\t-\n\tPackage Name (NTLM only):\t-\n\tKey Length:\t\t0\n\nThis event is generated when a logon session is created. It is generated on the computer that was accessed.\n\nThe subject fields indicate the account on the local system which requested the logon. This is most commonly a service such as the Server service, or a local process such as Winlogon.exe or Services.exe.\n\nThe logon type field indicates the kind of logon that occurred. The most common types are 2 (interactive) and 3 (network).\n\nThe New Logon fields indicate the account for whom the new logon was created, i.e. the account that was logged on.\n\nThe network fields indicate where a remote logon request originated. Workstation name is not always available and may be left blank in some cases.\n\nThe impersonation level field indicates the extent to which a process in the logon session can impersonate.\n\nThe authentication information fields provide detailed information about this specific logon request.\n\t- Logon GUID is a unique identifier that can be used to correlate this event with a KDC event.\n\t- Transited services indicate which intermediate services have participated in this logon request.\n\t- Package name indicates which sub-protocol was used among the NTLM protocols.\n\t- Key length indicates the length of the generated session key. This will be 0 if no session key was requested.","_sourcetype":"WinEventLog:Security","_host":"BSTOLL-L","_source":"WinEventLog:Security"}
{"_raw":"08/20/2018 03:16:28 AM\nLogName=Security\nSourceName=Microsoft Windows security auditing.\nEventCode=4624\nEventType=0\nType=Information\nComputerName=BSTOLL-L.froth.ly\nTaskCategory=Logon\nOpCode=Info\nRecordNumber=989757\nKeywords=Audit Success\nMessage=An account was successfully logged on.\n\nSubject:\n\tSecurity ID:\t\tNT AUTHORITY\\SYSTEM\n\tAccount Name:\t\tBSTOLL-L$\n\tAccount Domain:\t\tWORKGROUP\n\tLogon ID:\t\t0x3E7\n\nLogon Information:\n\tLogon Type:\t\t5\n\tRestricted Admin Mode:\t-\n\tVirtual Account:\t\tNo\n\tElevated Token:\t\tYes\n\nImpersonation Level:\t\tImpersonation\n\nNew Logon:\n\tSecurity ID:\t\tNT AUTHORITY\\SYSTEM\n\tAccount Name:\t\tSYSTEM\n\tAccount Domain:\t\tNT AUTHORITY\n\tLogon ID:\t\t0x3E7\n\tLinked Logon ID:\t\t0x0\n\tNetwork Account Name:\t-\n\tNetwork Account Domain:\t-\n\tLogon GUID:\t\t{00000000-0000-0000-0000-000000000000}\n\nProcess Information:\n\tProcess ID:\t\t0x270\n\tProcess Name:\t\tC:\\Windows\\System32\\services.exe\n\nNetwork Information:\n\tWorkstation Name:\t-\n\tSource Network Address:\t-\n\tSource Port:\t\t-\n\nDetailed Authentication Information:\n\tLogon Process:\t\tAdvapi  \n\tAuthentication Package:\tNegotiate\n\tTransited Services:\t-\n\tPackage Name (NTLM only):\t-\n\tKey Length:\t\t0\n\nThis event is generated when a logon session is created. It is generated on the computer that was accessed.\n\nThe subject fields indicate the account on the local system which requested the logon. This is most commonly a service such as the Server service, or a local process such as Winlogon.exe or Services.exe.\n\nThe logon type field indicates the kind of logon that occurred. The most common types are 2 (interactive) and 3 (network).\n\nThe New Logon fields indicate the account for whom the new logon was created, i.e. the account that was logged on.\n\nThe network fields indicate where a remote logon request originated. Workstation name is not always available and may be left blank in some cases.\n\nThe impersonation level field indicates the extent to which a process in the logon session can impersonate.\n\nThe authentication information fields provide detailed information about this specific logon request.\n\t- Logon GUID is a unique identifier that can be used to correlate this event with a KDC event.\n\t- Transited services indicate which intermediate services have participated in this logon request.\n\t- Package name indicates which sub-protocol was used among the NTLM protocols.\n\t- Key length indicates the length of the generated session key. This will be 0 if no session key was requested.","_sourcetype":"WinEventLog:Security","_host":"BSTOLL-L","_source":"WinEventLog:Security"}
{"_raw":"08/20/2018 03:07:34 AM\nLogName=Security\nSourceName=Microsoft Windows security auditing.\nEventCode=4624\nEventType=0\nType=Information\nComputerName=BSTOLL-L.froth.ly\nTaskCategory=Logon\nOpCode=Info\nRecordNumber=988982\nKeywords=Audit Success\nMessage=An account was successfully logged on.\n\nSubject:\n\tSecurity ID:\t\tNT AUTHORITY\\SYSTEM\n\tAccount Name:\t\tBSTOLL-L$\n\tAccount Domain:\t\tWORKGROUP\n\tLogon ID:\t\t0x3E7\n\nLogon Information:\n\tLogon Type:\t\t5\n\tRestricted Admin Mode:\t-\n\tVirtual Account:\t\tNo\n\tElevated Token:\t\tYes\n\nImpersonation Level:\t\tImpersonation\n\nNew Logon:\n\tSecurity ID:\t\tNT AUTHORITY\\SYSTEM\n\tAccount Name:\t\tSYSTEM\n\tAccount Domain:\t\tNT AUTHORITY\n\tLogon ID:\t\t0x3E7\n\tLinked Logon ID:\t\t0x0\n\tNetwork Account Name:\t-\n\tNetwork Account Domain:\t-\n\tLogon GUID:\t\t{00000000-0000-0000-0000-000000000000}\n\nProcess Information:\n\tProcess ID:\t\t0x270\n\tProcess Name:\t\tC:\\Windows\\System32\\services.exe\n\nNetwork Information:\n\tWorkstation Name:\t-\n\tSource Network Address:\t-\n\tSource Port:\t\t-\n\nDetailed Authentication Information:\n\tLogon Process:\t\tAdvapi  \n\tAuthentication Package:\tNegotiate\n\tTransited Services:\t-\n\tPackage Name (NTLM only):\t-\n\tKey Length:\t\t0\n\nThis event is generated when a logon session is created. It is generated on the computer that was accessed.\n\nThe subject fields indicate the account on the local system which requested the logon. This is most commonly a service such as the Server service, or a local process such as Winlogon.exe or Services.exe.\n\nThe logon type field indicates the kind of logon that occurred. The most common types are 2 (interactive) and 3 (network).\n\nThe New Logon fields indicate the account for whom the new logon was created, i.e. the account that was logged on.\n\nThe network fields indicate where a remote logon request originated. Workstation name is not always available and may be left blank in some cases.\n\nThe impersonation level field indicates the extent to which a process in the logon session can impersonate.\n\nThe authentication information fields provide detailed information about this specific logon request.\n\t- Logon GUID is a unique identifier that can be used to correlate this event with a KDC event.\n\t- Transited services indicate which intermediate services have participated in this logon request.\n\t- Package name indicates which sub-protocol was used among the NTLM protocols.\n\t- Key length indicates the length of the generated session key. This will be 0 if no session key was requested.","_sourcetype":"WinEventLog:Security","_host":"BSTOLL-L","_source":"WinEventLog:Security"}
{"_raw":"08/20/2018 03:01:26 AM\nLogName=Security\nSourceName=Microsoft Windows security auditing.\nEventCode=4624\nEventType=0\nType=Information\nComputerName=BSTOLL-L.froth.ly\nTaskCategory=Logon\nOpCode=Info\nRecordNumber=987986\nKeywords=Audit Success\nMessage=An account was successfully logged on.\n\nSubject:\n\tSecurity ID:\t\tNT AUTHORITY\\SYSTEM\n\tAccount Name:\t\tBSTOLL-L$\n\tAccount Domain:\t\tWORKGROUP\n\tLogon ID:\t\t0x3E7\n\nLogon Information:\n\tLogon Type:\t\t5\n\tRestricted Admin Mode:\t-\n\tVirtual Account:\t\tNo\n\tElevated Token:\t\tYes\n\nImpersonation Level:\t\tImpersonation\n\nNew Logon:\n\tSecurity ID:\t\tNT AUTHORITY\\SYSTEM\n\tAccount Name:\t\tSYSTEM\n\tAccount Domain:\t\tNT AUTHORITY\n\tLogon ID:\t\t0x3E7\n\tLinked Logon ID:\t\t0x0\n\tNetwork Account Name:\t-\n\tNetwork Account Domain:\t-\n\tLogon GUID:\t\t{00000000-0000-0000-0000-000000000000}\n\nProcess Information:\n\tProcess ID:\t\t0x270\n\tProcess Name:\t\tC:\\Windows\\System32\\services.exe\n\nNetwork Information:\n\tWorkstation Name:\t-\n\tSource Network Address:\t-\n\tSource Port:\t\t-\n\nDetailed Authentication Information:\n\tLogon Process:\t\tAdvapi  \n\tAuthentication Package:\tNegotiate\n\tTransited Services:\t-\n\tPackage Name (NTLM only):\t-\n\tKey Length:\t\t0\n\nThis event is generated when a logon session is created. It is generated on the computer that was accessed.\n\nThe subject fields indicate the account on the local system which requested the logon. This is most commonly a service such as the Server service, or a local process such as Winlogon.exe or Services.exe.\n\nThe logon type field indicates the kind of logon that occurred. The most common types are 2 (interactive) and 3 (network).\n\nThe New Logon fields indicate the account for whom the new logon was created, i.e. the account that was logged on.\n\nThe network fields indicate where a remote logon request originated. Workstation name is not always available and may be left blank in some cases.\n\nThe impersonation level field indicates the extent to which a process in the logon session can impersonate.\n\nThe authentication information fields provide detailed information about this specific logon request.\n\t- Logon GUID is a unique identifier that can be used to correlate this event with a KDC event.\n\t- Transited services indicate which intermediate services have participated in this logon request.\n\t- Package name indicates which sub-protocol was used among the NTLM protocols.\n\t- Key length indicates the length of the generated session key. This will be 0 if no session key was requested.","_sourcetype":"WinEventLog:Security","_host":"BSTOLL-L","_source":"WinEventLog:Security"}
{"_raw":"08/21/2018 01:35:21 AM\nLogName=Security\nSourceName=Microsoft Windows security auditing.\nEventCode=4624\nEventType=0\nType=Information\nComputerName=BSTOLL-L.froth.ly\nTaskCategory=Logon\nOpCode=Info\nRecordNumber=997124\nKeywords=Audit Success\nMessage=An account was successfully logged on.\n\nSubject:\n\tSecurity ID:\t\tNT AUTHORITY\\SYSTEM\n\tAccount Name:\t\tBSTOLL-L$\n\tAccount Domain:\t\tWORKGROUP\n\tLogon ID:\t\t0x3E7\n\nLogon Information:\n\tLogon Type:\t\t2\n\tRestricted Admin Mode:\t-\n\tVirtual Account:\t\tYes\n\tElevated Token:\t\tNo\n\nImpersonation Level:\t\tImpersonation\n\nNew Logon:\n\tSecurity ID:\t\tWindow Manager\\DWM-1\n\tAccount Name:\t\tDWM-1\n\tAccount Domain:\t\tWindow Manager\n\tLogon ID:\t\t0x11BBD\n\tLinked Logon ID:\t\t0x11B7F\n\tNetwork Account Name:\t-\n\tNetwork Account Domain:\t-\n\tLogon GUID:\t\t{00000000-0000-0000-0000-000000000000}\n\nProcess Information:\n\tProcess ID:\t\t0x248\n\tProcess Name:\t\tC:\\Windows\\System32\\winlogon.exe\n\nNetwork Information:\n\tWorkstation Name:\t-\n\tSource Network Address:\t-\n\tSource Port:\t\t-\n\nDetailed Authentication Information:\n\tLogon Process:\t\tAdvapi  \n\tAuthentication Package:\tNegotiate\n\tTransited Services:\t-\n\tPackage Name (NTLM only):\t-\n\tKey Length:\t\t0\n\nThis event is generated when a logon session is created. It is generated on the computer that was accessed.\n\nThe subject fields indicate the account on the local system which requested the logon. This is most commonly a service such as the Server service, or a local process such as Winlogon.exe or Services.exe.\n\nThe logon type field indicates the kind of logon that occurred. The most common types are 2 (interactive) and 3 (network).\n\nThe New Logon fields indicate the account for whom the new logon was created, i.e. the account that was logged on.\n\nThe network fields indicate where a remote logon request originated. Workstation name is not always available and may be left blank in some cases.\n\nThe impersonation level field indicates the extent to which a process in the logon session can impersonate.\n\nThe authentication information fields provide detailed information about this specific logon request.\n\t- Logon GUID is a unique identifier that can be used to correlate this event with a KDC event.\n\t- Transited services indicate which intermediate services have participated in this logon request.\n\t- Package name indicates which sub-protocol was used among the NTLM protocols.\n\t- Key length indicates the length of the generated session key. This will be 0 if no session key was requested.","_sourcetype":"WinEventLog:Security","_host":"BSTOLL-L","_source":"WinEventLog:Security"}
{"_raw":"08/21/2018 01:35:21 AM\nLogName=Security\nSourceName=Microsoft Windows security auditing.\nEventCode=4624\nEventType=0\nType=Information\nComputerName=BSTOLL-L.froth.ly\nTaskCategory=Logon\nOpCode=Info\nRecordNumber=997122\nKeywords=Audit Success\nMessage=An account was successfully logged on.\n\nSubject:\n\tSecurity ID:\t\tNT AUTHORITY\\SYSTEM\n\tAccount Name:\t\tBSTOLL-L$\n\tAccount Domain:\t\tWORKGROUP\n\tLogon ID:\t\t0x3E7\n\nLogon Information:\n\tLogon Type:\t\t2\n\tRestricted Admin Mode:\t-\n\tVirtual Account:\t\tYes\n\tElevated Token:\t\tYes\n\nImpersonation Level:\t\tImpersonation\n\nNew Logon:\n\tSecurity ID:\t\tWindow Manager\\DWM-1\n\tAccount Name:\t\tDWM-1\n\tAccount Domain:\t\tWindow Manager\n\tLogon ID:\t\t0x11B7F\n\tLinked Logon ID:\t\t0x11BBD\n\tNetwork Account Name:\t-\n\tNetwork Account Domain:\t-\n\tLogon GUID:\t\t{00000000-0000-0000-0000-000000000000}\n\nProcess Information:\n\tProcess ID:\t\t0x248\n\tProcess Name:\t\tC:\\Windows\\System32\\winlogon.exe\n\nNetwork Information:\n\tWorkstation Name:\t-\n\tSource Network Address:\t-\n\tSource Port:\t\t-\n\nDetailed Authentication Information:\n\tLogon Process:\t\tAdvapi  \n\tAuthentication Package:\tNegotiate\n\tTransited Services:\t-\n\tPackage Name (NTLM only):\t-\n\tKey Length:\t\t0\n\nThis event is generated when a logon session is created. It is generated on the computer that was accessed.\n\nThe subject fields indicate the account on the local system which requested the logon. This is most commonly a service such as the Server service, or a local process such as Winlogon.exe or Services.exe.\n\nThe logon type field indicates the kind of logon that occurred. The most common types are 2 (interactive) and 3 (network).\n\nThe New Logon fields indicate the account for whom the new logon was created, i.e. the account that was logged on.\n\nThe network fields indicate where a remote logon request originated. Workstation name is not always available and may be left blank in some cases.\n\nThe impersonation level field indicates the extent to which a process in the logon session can impersonate.\n\nThe authentication information fields provide detailed information about this specific logon request.\n\t- Logon GUID is a unique identifier that can be used to correlate this event with a KDC event.\n\t- Transited services indicate which intermediate services have participated in this logon request.\n\t- Package name indicates which sub-protocol was used among the NTLM protocols.\n\t- Key length indicates the length of the generated session key. This will be 0 if no session key was requested.","_sourcetype":"WinEventLog:Security","_host":"BSTOLL-L","_source":"WinEventLog:Security"}
{"_raw":"08/21/2018 01:35:21 AM\nLogName=Security\nSourceName=Microsoft Windows security auditing.\nEventCode=4624\nEventType=0\nType=Information\nComputerName=BSTOLL-L.froth.ly\nTaskCategory=Logon\nOpCode=Info\nRecordNumber=997090\nKeywords=Audit Success\nMessage=An account was successfully logged on.\n\nSubject:\n\tSecurity ID:\t\tNT AUTHORITY\\SYSTEM\n\tAccount Name:\t\tBSTOLL-L$\n\tAccount Domain:\t\tWORKGROUP\n\tLogon ID:\t\t0x3E7\n\nLogon Information:\n\tLogon Type:\t\t2\n\tRestricted Admin Mode:\t-\n\tVirtual Account:\t\tYes\n\tElevated Token:\t\tNo\n\nImpersonation Level:\t\tImpersonation\n\nNew Logon:\n\tSecurity ID:\t\tFont Driver Host\\UMFD-0\n\tAccount Name:\t\tUMFD-0\n\tAccount Domain:\t\tFont Driver Host\n\tLogon ID:\t\t0xBBF3\n\tLinked Logon ID:\t\t0x0\n\tNetwork Account Name:\t-\n\tNetwork Account Domain:\t-\n\tLogon GUID:\t\t{00000000-0000-0000-0000-000000000000}\n\nProcess Information:\n\tProcess ID:\t\t0x1ec\n\tProcess Name:\t\tC:\\Windows\\System32\\wininit.exe\n\nNetwork Information:\n\tWorkstation Name:\t-\n\tSource Network Address:\t-\n\tSource Port:\t\t-\n\nDetailed Authentication Information:\n\tLogon Process:\t\tAdvapi  \n\tAuthentication Package:\tNegotiate\n\tTransited Services:\t-\n\tPackage Name (NTLM only):\t-\n\tKey Length:\t\t0\n\nThis event is generated when a logon session is created. It is generated on the computer that was accessed.\n\nThe subject fields indicate the account on the local system which requested the logon. This is most commonly a service such as the Server service, or a local process such as Winlogon.exe or Services.exe.\n\nThe logon type field indicates the kind of logon that occurred. The most common types are 2 (interactive) and 3 (network).\n\nThe New Logon fields indicate the account for whom the new logon was created, i.e. the account that was logged on.\n\nThe network fields indicate where a remote logon request originated. Workstation name is not always available and may be left blank in some cases.\n\nThe impersonation level field indicates the extent to which a process in the logon session can impersonate.\n\nThe authentication information fields provide detailed information about this specific logon request.\n\t- Logon GUID is a unique identifier that can be used to correlate this event with a KDC event.\n\t- Transited services indicate which intermediate services have participated in this logon request.\n\t- Package name indicates which sub-protocol was used among the NTLM protocols.\n\t- Key length indicates the length of the generated session key. This will be 0 if no session key was requested.","_sourcetype":"WinEventLog:Security","_host":"BSTOLL-L","_source":"WinEventLog:Security"}
{"_raw":"08/21/2018 01:35:21 AM\nLogName=Security\nSourceName=Microsoft Windows security auditing.\nEventCode=4624\nEventType=0\nType=Information\nComputerName=BSTOLL-L.froth.ly\nTaskCategory=Logon\nOpCode=Info\nRecordNumber=997089\nKeywords=Audit Success\nMessage=An account was successfully logged on.\n\nSubject:\n\tSecurity ID:\t\tNT AUTHORITY\\SYSTEM\n\tAccount Name:\t\tBSTOLL-L$\n\tAccount Domain:\t\tWORKGROUP\n\tLogon ID:\t\t0x3E7\n\nLogon Information:\n\tLogon Type:\t\t2\n\tRestricted Admin Mode:\t-\n\tVirtual Account:\t\tYes\n\tElevated Token:\t\tNo\n\nImpersonation Level:\t\tImpersonation\n\nNew Logon:\n\tSecurity ID:\t\tFont Driver Host\\UMFD-1\n\tAccount Name:\t\tUMFD-1\n\tAccount Domain:\t\tFont Driver Host\n\tLogon ID:\t\t0xBBFF\n\tLinked Logon ID:\t\t0x0\n\tNetwork Account Name:\t-\n\tNetwork Account Domain:\t-\n\tLogon GUID:\t\t{00000000-0000-0000-0000-000000000000}\n\nProcess Information:\n\tProcess ID:\t\t0x248\n\tProcess Name:\t\tC:\\Windows\\System32\\winlogon.exe\n\nNetwork Information:\n\tWorkstation Name:\t-\n\tSource Network Address:\t-\n\tSource Port:\t\t-\n\nDetailed Authentication Information:\n\tLogon Process:\t\tAdvapi  \n\tAuthentication Package:\tNegotiate\n\tTransited Services:\t-\n\tPackage Name (NTLM only):\t-\n\tKey Length:\t\t0\n\nThis event is generated when a logon session is created. It is generated on the computer that was accessed.\n\nThe subject fields indicate the account on the local system which requested the logon. This is most commonly a service such as the Server service, or a local process such as Winlogon.exe or Services.exe.\n\nThe logon type field indicates the kind of logon that occurred. The most common types are 2 (interactive) and 3 (network).\n\nThe New Logon fields indicate the account for whom the new logon was created, i.e. the account that was logged on.\n\nThe network fields indicate where a remote logon request originated. Workstation name is not always available and may be left blank in some cases.\n\nThe impersonation level field indicates the extent to which a process in the logon session can impersonate.\n\nThe authentication information fields provide detailed information about this specific logon request.\n\t- Logon GUID is a unique identifier that can be used to correlate this event with a KDC event.\n\t- Transited services indicate which intermediate services have participated in this logon request.\n\t- Package name indicates which sub-protocol was used among the NTLM protocols.\n\t- Key length indicates the length of the generated session key. This will be 0 if no session key was requested.","_sourcetype":"WinEventLog:Security","_host":"BSTOLL-L","_source":"WinEventLog:Security"}
{"_raw":"08/21/2018 01:35:34 AM\nLogName=Security\nSourceName=Microsoft Windows security auditing.\nEventCode=4624\nEventType=0\nType=Information\nComputerName=BSTOLL-L.froth.ly\nTaskCategory=Logon\nOpCode=Info\nRecordNumber=997988\nKeywords=Audit Success\nMessage=An account was successfully logged on.\n\nSubject:\n\tSecurity ID:\t\tNT AUTHORITY\\SYSTEM\n\tAccount Name:\t\tBSTOLL-L$\n\tAccount Domain:\t\tWORKGROUP\n\tLogon ID:\t\t0x3E7\n\nLogon Information:\n\tLogon Type:\t\t11\n\tRestricted Admin Mode:\t-\n\tVirtual Account:\t\tNo\n\tElevated Token:\t\tNo\n\nImpersonation Level:\t\tImpersonation\n\nNew Logon:\n\tSecurity ID:\t\tAzureAD\\BudStoll\n\tAccount Name:\t\tbstoll@froth.ly\n\tAccount Domain:\t\tAzureAD\n\tLogon ID:\t\t0x4C50C\n\tLinked Logon ID:\t\t0x4C4E9\n\tNetwork Account Name:\t-\n\tNetwork Account Domain:\t-\n\tLogon GUID:\t\t{00000000-0000-0000-0000-000000000000}\n\nProcess Information:\n\tProcess ID:\t\t0x520\n\tProcess Name:\t\tC:\\Windows\\System32\\svchost.exe\n\nNetwork Information:\n\tWorkstation Name:\tBSTOLL-L\n\tSource Network Address:\t127.0.0.1\n\tSource Port:\t\t0\n\nDetailed Authentication Information:\n\tLogon Process:\t\tUser32 \n\tAuthentication Package:\tNegotiate\n\tTransited Services:\t-\n\tPackage Name (NTLM only):\t-\n\tKey Length:\t\t0\n\nThis event is generated when a logon session is created. It is generated on the computer that was accessed.\n\nThe subject fields indicate the account on the local system which requested the logon. This is most commonly a service such as the Server service, or a local process such as Winlogon.exe or Services.exe.\n\nThe logon type field indicates the kind of logon that occurred. The most common types are 2 (interactive) and 3 (network).\n\nThe New Logon fields indicate the account for whom the new logon was created, i.e. the account that was logged on.\n\nThe network fields indicate where a remote logon request originated. Workstation name is not always available and may be left blank in some cases.\n\nThe impersonation level field indicates the extent to which a process in the logon session can impersonate.\n\nThe authentication information fields provide detailed information about this specific logon request.\n\t- Logon GUID is a unique identifier that can be used to correlate this event with a KDC event.\n\t- Transited services indicate which intermediate services have participated in this logon request.\n\t- Package name indicates which sub-protocol was used among the NTLM protocols.\n\t- Key length indicates the length of the generated session key. This will be 0 if no session key was requested.","_sourcetype":"WinEventLog:Security","_host":"BSTOLL-L","_source":"WinEventLog:Security"}
{"_raw":"08/21/2018 01:35:34 AM\nLogName=Security\nSourceName=Microsoft Windows security auditing.\nEventCode=4624\nEventType=0\nType=Information\nComputerName=BSTOLL-L.froth.ly\nTaskCategory=Logon\nOpCode=Info\nRecordNumber=997986\nKeywords=Audit Success\nMessage=An account was successfully logged on.\n\nSubject:\n\tSecurity ID:\t\tNT AUTHORITY\\SYSTEM\n\tAccount Name:\t\tBSTOLL-L$\n\tAccount Domain:\t\tWORKGROUP\n\tLogon ID:\t\t0x3E7\n\nLogon Information:\n\tLogon Type:\t\t11\n\tRestricted Admin Mode:\t-\n\tVirtual Account:\t\tNo\n\tElevated Token:\t\tYes\n\nImpersonation Level:\t\tImpersonation\n\nNew Logon:\n\tSecurity ID:\t\tAzureAD\\BudStoll\n\tAccount Name:\t\tbstoll@froth.ly\n\tAccount Domain:\t\tAzureAD\n\tLogon ID:\t\t0x4C4E9\n\tLinked Logon ID:\t\t0x4C50C\n\tNetwork Account Name:\t-\n\tNetwork Account Domain:\t-\n\tLogon GUID:\t\t{00000000-0000-0000-0000-000000000000}\n\nProcess Information:\n\tProcess ID:\t\t0x520\n\tProcess Name:\t\tC:\\Windows\\System32\\svchost.exe\n\nNetwork Information:\n\tWorkstation Name:\tBSTOLL-L\n\tSource Network Address:\t127.0.0.1\n\tSource Port:\t\t0\n\nDetailed Authentication Information:\n\tLogon Process:\t\tUser32 \n\tAuthentication Package:\tNegotiate\n\tTransited Services:\t-\n\tPackage Name (NTLM only):\t-\n\tKey Length:\t\t0\n\nThis event is generated when a logon session is created. It is generated on the computer that was accessed.\n\nThe subject fields indicate the account on the local system which requested the logon. This is most commonly a service such as the Server service, or a local process such as Winlogon.exe or Services.exe.\n\nThe logon type field indicates the kind of logon that occurred. The most common types are 2 (interactive) and 3 (network).\n\nThe New Logon fields indicate the account for whom the new logon was created, i.e. the account that was logged on.\n\nThe network fields indicate where a remote logon request originated. Workstation name is not always available and may be left blank in some cases.\n\nThe impersonation level field indicates the extent to which a process in the logon session can impersonate.\n\nThe authentication information fields provide detailed information about this specific logon request.\n\t- Logon GUID is a unique identifier that can be used to correlate this event with a KDC event.\n\t- Transited services indicate which intermediate services have participated in this logon request.\n\t- Package name indicates which sub-protocol was used among the NTLM protocols.\n\t- Key length indicates the length of the generated session key. This will be 0 if no session key was requested.","_sourcetype":"WinEventLog:Security","_host":"BSTOLL-L","_source":"WinEventLog:Security"}
